<?xml version="1.0" encoding="UTF-8"?>
<!-- Generated by org.testng.reporters.JUnitReportReporter -->
<testsuite hostname="BHANU-LAPTOP" failures="0" tests="1" name="scripts.InvalidLogin" time="12.117" errors="0" timestamp="2023-02-16T08:13:27 IST" skipped="0">
  <testcase classname="scripts.InvalidLogin" name="testInvalidLogin" time="12.117"/>
  <system-out>
    <![CDATA[Err Msg is Displayed]]>
  </system-out>
</testsuite> <!-- scripts.InvalidLogin -->
