<?xml version="1.0" encoding="UTF-8"?>
<!-- Generated by org.testng.reporters.JUnitReportReporter -->
<testsuite hostname="BHANU-LAPTOP" failures="0" tests="1" name="scripts.TestCase2" time="3.169" errors="0" timestamp="2023-02-14T08:00:47 IST" skipped="0">
  <testcase classname="scripts.TestCase2" name="testA" time="3.169"/>
  <system-out>
    <![CDATA[Google]]>
  </system-out>
</testsuite> <!-- scripts.TestCase2 -->
