<?xml version="1.0" encoding="UTF-8"?>
<!-- Generated by org.testng.reporters.JUnitReportReporter -->
<testsuite hostname="BHANU-LAPTOP" failures="0" tests="1" name="scripts.ValidLogin" time="19.109" errors="0" timestamp="2023-02-16T07:46:04 IST" skipped="0">
  <testcase classname="scripts.ValidLogin" name="testValidLogin" time="19.109"/>
  <system-out>
    <![CDATA[HomePage is displayed]]>
  </system-out>
</testsuite> <!-- scripts.ValidLogin -->
