<?xml version="1.0" encoding="UTF-8"?>
<!-- Generated by org.testng.reporters.JUnitReportReporter -->
<testsuite hostname="BHANU-LAPTOP" failures="0" tests="1" name="scripts.ValidLogin" time="14.363" errors="0" timestamp="2023-02-15T09:10:52 IST" skipped="0">
  <testcase classname="scripts.ValidLogin" name="testValidLogin" time="14.363"/>
  <system-out>
    <![CDATA[HomePage is displayed]]>
  </system-out>
</testsuite> <!-- scripts.ValidLogin -->
